<?xml version="1.0" encoding="UTF-8"?>
<!-- Generated by org.testng.reporters.JUnitReportReporter -->
<testsuite skipped="0" hostname="LAPTOP-UJ85GF3T" name="piyush.E2EFrameworkProject_Section29.HomePageTest" tests="2" failures="0" timestamp="09 Feb 2021 09:29:36 GMT" time="20.432" errors="0">
  <testcase name="basePageNavigation" time="8.962" classname="piyush.E2EFrameworkProject_Section29.HomePageTest"/>
  <testcase name="basePageNavigation" time="11.470" classname="piyush.E2EFrameworkProject_Section29.HomePageTest"/>
</testsuite> <!-- piyush.E2EFrameworkProject_Section29.HomePageTest -->
