<?xml version="1.0" encoding="UTF-8"?>
<!-- Generated by org.testng.reporters.JUnitReportReporter -->
<testsuite skipped="0" hostname="LAPTOP-UJ85GF3T" name="piyush.E2EFrameworkProject_Section29.TitleValidationTest" tests="1" failures="0" timestamp="09 Feb 2021 09:29:36 GMT" time="0.071" errors="0">
  <testcase name="titleValidation" time="0.071" classname="piyush.E2EFrameworkProject_Section29.TitleValidationTest"/>
</testsuite> <!-- piyush.E2EFrameworkProject_Section29.TitleValidationTest -->
