<?xml version="1.0" encoding="UTF-8"?>
<!-- Generated by org.testng.reporters.JUnitReportReporter -->
<testsuite skipped="0" hostname="LAPTOP-UJ85GF3T" name="piyush.E2EFrameworkProject_Section29.HomePageTest" tests="2" failures="0" timestamp="2021-02-08T15:56:39 IST" time="43.329" errors="0">
  <testcase name="basePageNavigation" time="4.080" classname="piyush.E2EFrameworkProject_Section29.HomePageTest"/>
  <system-out/>
  <testcase name="basePageNavigation" time="39.249" classname="piyush.E2EFrameworkProject_Section29.HomePageTest"/>
  <system-out/>
</testsuite> <!-- piyush.E2EFrameworkProject_Section29.HomePageTest -->
