<?xml version="1.0" encoding="UTF-8"?>
<!-- Generated by org.testng.reporters.JUnitReportReporter -->
<testsuite skipped="0" hostname="LAPTOP-UJ85GF3T" name="piyush.E2EFrameworkProject_Section29.TitleValidationTest" tests="1" failures="0" timestamp="2021-02-09T12:48:47 IST" time="0.063" errors="0">
  <testcase name="titleValidation" time="0.063" classname="piyush.E2EFrameworkProject_Section29.TitleValidationTest"/>
  <system-out/>
</testsuite> <!-- piyush.E2EFrameworkProject_Section29.TitleValidationTest -->
